Loading env from: /app/applet/.env
Set DB_HOST=rm-7xvhp98iw2a333t864o.mysql.rds.aliyuncs.com
Set DB_PORT=3306
Set DB_USER=zhurui
Set DB_PASSWORD=********
Set DB_NAME=luosheji
Set OSS_REGION=oss-cn-hangzhou
Set OSS_ACCESS_KEY_ID=LTAI5tL7SF869SToctFEPn47
Set OSS_ACCESS_KEY_SECRET=********
Set OSS_BUCKET=zhurui
DB_HOST from process.env: rm-7xvhp98iw2a333t864o.mysql.rds.aliyuncs.com
Server starting at 2026-07-05T06:22:06.101Z
Calling initDb (async) at 2026-07-05T06:22:06.128Z - Attempt 1
[AI-Config] GEMINI_API_KEY: PRESENT
[SERVER] Handlers registered at 2026-07-05T06:22:06.138Z
Container Outbound IP: 34.34.225.131
Successfully connected to MySQL database: luosheji
initDb completed at 2026-07-05T06:22:31.652Z
Loading env from: /app/applet/.env
Set DB_HOST=
Set DB_PORT=3306
Set DB_USER=
Set DB_PASSWORD=********
Set DB_NAME=luosheji
Set OSS_REGION=
Set OSS_ACCESS_KEY_ID=
Set OSS_ACCESS_KEY_SECRET=********
Set OSS_BUCKET=
Set OSS_ENDPOINT=
DB_HOST from process.env: (EMPTY)
Server starting at 2026-07-05T06:24:31.731Z
Calling initDb (async) at 2026-07-05T06:24:31.763Z - Attempt 1
[AI-Config] GEMINI_API_KEY: PRESENT
[SERVER] Handlers registered at 2026-07-05T06:24:31.774Z
initDb completed at 2026-07-05T06:24:31.789Z
Container Outbound IP: 34.34.225.131
Loading env from: /app/applet/.env
Set DB_HOST=rm-7xvhp98iw2a333t864o.mysql.rds.aliyuncs.com
Set DB_PORT=3306
Set DB_USER=zhurui
Set DB_PASSWORD=********
Set DB_NAME=luosheji
Set OSS_REGION=oss-cn-hangzhou
Set OSS_ACCESS_KEY_ID=LTAI5tL7SF869SToctFEPn47
Set OSS_ACCESS_KEY_SECRET=********
Set OSS_BUCKET=zhurui
DB_HOST from process.env: rm-7xvhp98iw2a333t864o.mysql.rds.aliyuncs.com
Server starting at 2026-07-05T06:33:08.792Z
Calling initDb (async) at 2026-07-05T06:33:08.819Z - Attempt 1
[AI-Config] GEMINI_API_KEY: PRESENT
[SERVER] Handlers registered at 2026-07-05T06:33:08.830Z
Container Outbound IP: 34.34.225.131
Successfully connected to MySQL database: luosheji
initDb completed at 2026-07-05T06:33:37.827Z
Loading env from: /app/applet/.env
Set DB_HOST=rm-7xvhp98iw2a333t864o.mysql.rds.aliyuncs.com
Set DB_PORT=3306
Set DB_USER=zhurui
Set DB_PASSWORD=********
Set DB_NAME=luosheji
Set OSS_REGION=oss-cn-hangzhou
Set OSS_ACCESS_KEY_ID=LTAI5tL7SF869SToctFEPn47
Set OSS_ACCESS_KEY_SECRET=********
Set OSS_BUCKET=zhurui
DB_HOST from process.env: rm-7xvhp98iw2a333t864o.mysql.rds.aliyuncs.com
Server starting at 2026-07-05T06:33:47.635Z
Calling initDb (async) at 2026-07-05T06:33:47.666Z - Attempt 1
[AI-Config] GEMINI_API_KEY: PRESENT
[SERVER] Handlers registered at 2026-07-05T06:33:47.698Z
Container Outbound IP: 34.34.225.131
Successfully connected to MySQL database: luosheji
initDb completed at 2026-07-05T06:34:24.427Z
Loading env from: /app/applet/.env
Set DB_HOST=rm-7xvhp98iw2a333t864o.mysql.rds.aliyuncs.com
Set DB_PORT=3306
Set DB_USER=zhurui
Set DB_PASSWORD=********
Set DB_NAME=luosheji
Set OSS_REGION=oss-cn-hangzhou
Set OSS_ACCESS_KEY_ID=LTAI5tL7SF869SToctFEPn47
Set OSS_ACCESS_KEY_SECRET=********
Set OSS_BUCKET=zhurui
DB_HOST from process.env: rm-7xvhp98iw2a333t864o.mysql.rds.aliyuncs.com
Server starting at 2026-07-05T06:44:33.854Z
Calling initDb (async) at 2026-07-05T06:44:33.882Z - Attempt 1
[AI-Config] GEMINI_API_KEY: PRESENT
[SERVER] Handlers registered at 2026-07-05T06:44:33.891Z
Container Outbound IP: 34.34.225.131
Successfully connected to MySQL database: luosheji
initDb completed at 2026-07-05T06:44:59.862Z
Loading env from: /app/applet/.env
Set DB_HOST=rm-7xvhp98iw2a333t864o.mysql.rds.aliyuncs.com
Set DB_PORT=3306
Set DB_USER=zhurui
Set DB_PASSWORD=********
Set DB_NAME=luosheji
Set OSS_REGION=oss-cn-hangzhou
Set OSS_ACCESS_KEY_ID=LTAI5tL7SF869SToctFEPn47
Set OSS_ACCESS_KEY_SECRET=********
Set OSS_BUCKET=zhurui
DB_HOST from process.env: rm-7xvhp98iw2a333t864o.mysql.rds.aliyuncs.com
Server starting at 2026-07-05T06:51:59.000Z
Calling initDb (async) at 2026-07-05T06:51:59.027Z - Attempt 1
[AI-Config] GEMINI_API_KEY: PRESENT
[SERVER] Handlers registered at 2026-07-05T06:51:59.038Z
Container Outbound IP: 34.34.225.131
Successfully connected to MySQL database: luosheji
initDb completed at 2026-07-05T06:52:27.298Z
Loading env from: /app/applet/.env
Set DB_HOST=rm-7xvhp98iw2a333t864o.mysql.rds.aliyuncs.com
Set DB_PORT=3306
Set DB_USER=zhurui
Set DB_PASSWORD=********
Set DB_NAME=luosheji
Set OSS_REGION=oss-cn-hangzhou
Set OSS_ACCESS_KEY_ID=LTAI5tL7SF869SToctFEPn47
Set OSS_ACCESS_KEY_SECRET=********
Set OSS_BUCKET=zhurui
DB_HOST from process.env: rm-7xvhp98iw2a333t864o.mysql.rds.aliyuncs.com
Server starting at 2026-07-05T06:55:43.308Z
Calling initDb (async) at 2026-07-05T06:55:43.405Z - Attempt 1
[AI-Config] GEMINI_API_KEY: PRESENT
[SERVER] Handlers registered at 2026-07-05T06:55:43.417Z
Container Outbound IP: 34.34.225.131
Successfully connected to MySQL database: luosheji
initDb completed at 2026-07-05T06:56:02.277Z
Loading env from: /app/applet/.env
Set DB_HOST=rm-7xvhp98iw2a333t864o.mysql.rds.aliyuncs.com
Set DB_PORT=3306
Set DB_USER=zhurui
Set DB_PASSWORD=********
Set DB_NAME=luosheji
Set OSS_REGION=oss-cn-hangzhou
Set OSS_ACCESS_KEY_ID=LTAI5tL7SF869SToctFEPn47
Set OSS_ACCESS_KEY_SECRET=********
Set OSS_BUCKET=zhurui
DB_HOST from process.env: rm-7xvhp98iw2a333t864o.mysql.rds.aliyuncs.com
Server starting at 2026-07-05T06:56:40.897Z
Calling initDb (async) at 2026-07-05T06:56:40.924Z - Attempt 1
[AI-Config] GEMINI_API_KEY: PRESENT
[SERVER] Handlers registered at 2026-07-05T06:56:40.934Z
Container Outbound IP: 34.34.225.131
Successfully connected to MySQL database: luosheji
initDb completed at 2026-07-05T06:57:09.839Z
Loading env from: /app/applet/.env
Set DB_HOST=rm-7xvhp98iw2a333t864o.mysql.rds.aliyuncs.com
Set DB_PORT=3306
Set DB_USER=zhurui
Set DB_PASSWORD=********
Set DB_NAME=luosheji
Set OSS_REGION=oss-cn-hangzhou
Set OSS_ACCESS_KEY_ID=LTAI5tL7SF869SToctFEPn47
Set OSS_ACCESS_KEY_SECRET=********
Set OSS_BUCKET=zhurui
DB_HOST from process.env: rm-7xvhp98iw2a333t864o.mysql.rds.aliyuncs.com
Server starting at 2026-07-05T07:05:39.792Z
Calling initDb (async) at 2026-07-05T07:05:39.822Z - Attempt 1
[AI-Config] GEMINI_API_KEY: PRESENT
[SERVER] Handlers registered at 2026-07-05T07:05:39.833Z
Container Outbound IP: 34.34.225.131
Successfully connected to MySQL database: luosheji
initDb completed at 2026-07-05T07:05:58.869Z
Loading env from: /app/applet/.env
Set DB_HOST=rm-7xvhp98iw2a333t864o.mysql.rds.aliyuncs.com
Set DB_PORT=3306
Set DB_USER=zhurui
Set DB_PASSWORD=********
Set DB_NAME=luosheji
Set OSS_REGION=oss-cn-hangzhou
Set OSS_ACCESS_KEY_ID=LTAI5tL7SF869SToctFEPn47
Set OSS_ACCESS_KEY_SECRET=********
Set OSS_BUCKET=zhurui
DB_HOST from process.env: rm-7xvhp98iw2a333t864o.mysql.rds.aliyuncs.com
Server starting at 2026-07-05T07:06:26.391Z
Calling initDb (async) at 2026-07-05T07:06:26.416Z - Attempt 1
[AI-Config] GEMINI_API_KEY: PRESENT
[SERVER] Handlers registered at 2026-07-05T07:06:26.426Z
Container Outbound IP: 34.34.225.131
Successfully connected to MySQL database: luosheji
initDb completed at 2026-07-05T07:06:48.293Z
Loading env from: /app/applet/.env
Set DB_HOST=rm-7xvhp98iw2a333t864o.mysql.rds.aliyuncs.com
Set DB_PORT=3306
Set DB_USER=zhurui
Set DB_PASSWORD=********
Set DB_NAME=luosheji
Set OSS_REGION=oss-cn-hangzhou
Set OSS_ACCESS_KEY_ID=LTAI5tL7SF869SToctFEPn47
Set OSS_ACCESS_KEY_SECRET=********
Set OSS_BUCKET=zhurui
DB_HOST from process.env: rm-7xvhp98iw2a333t864o.mysql.rds.aliyuncs.com
Server starting at 2026-07-05T07:11:25.646Z
Calling initDb (async) at 2026-07-05T07:11:25.674Z - Attempt 1
[AI-Config] GEMINI_API_KEY: PRESENT
[SERVER] Handlers registered at 2026-07-05T07:11:25.684Z
Container Outbound IP: 34.34.225.131
Successfully connected to MySQL database: luosheji
initDb completed at 2026-07-05T07:11:49.448Z
Loading env from: /app/applet/.env
Set DB_HOST=rm-7xvhp98iw2a333t864o.mysql.rds.aliyuncs.com
Set DB_PORT=3306
Set DB_USER=zhurui
Set DB_PASSWORD=********
Set DB_NAME=luosheji
Set OSS_REGION=oss-cn-hangzhou
Set OSS_ACCESS_KEY_ID=LTAI5tL7SF869SToctFEPn47
Set OSS_ACCESS_KEY_SECRET=********
Set OSS_BUCKET=zhurui
DB_HOST from process.env: rm-7xvhp98iw2a333t864o.mysql.rds.aliyuncs.com
Server starting at 2026-07-05T07:14:45.424Z
Calling initDb (async) at 2026-07-05T07:14:45.451Z - Attempt 1
[AI-Config] GEMINI_API_KEY: PRESENT
[SERVER] Handlers registered at 2026-07-05T07:14:45.460Z
Container Outbound IP: 34.34.225.131
Successfully connected to MySQL database: luosheji
initDb completed at 2026-07-05T07:15:06.325Z
Loading env from: /app/applet/.env
Set DB_HOST=rm-7xvhp98iw2a333t864o.mysql.rds.aliyuncs.com
Set DB_PORT=3306
Set DB_USER=zhurui
Set DB_PASSWORD=********
Set DB_NAME=luosheji
Set OSS_REGION=oss-cn-hangzhou
Set OSS_ACCESS_KEY_ID=LTAI5tL7SF869SToctFEPn47
Set OSS_ACCESS_KEY_SECRET=********
Set OSS_BUCKET=zhurui
DB_HOST from process.env: rm-7xvhp98iw2a333t864o.mysql.rds.aliyuncs.com
Server starting at 2026-07-05T07:22:00.501Z
Calling initDb (async) at 2026-07-05T07:22:00.535Z - Attempt 1
[AI-Config] GEMINI_API_KEY: PRESENT
[SERVER] Handlers registered at 2026-07-05T07:22:00.546Z
Container Outbound IP: 34.34.225.131
Successfully connected to MySQL database: luosheji
initDb completed at 2026-07-05T07:22:22.518Z
Loading env from: /app/applet/.env
Set DB_HOST=rm-7xvhp98iw2a333t864o.mysql.rds.aliyuncs.com
Set DB_PORT=3306
Set DB_USER=zhurui
Set DB_PASSWORD=********
Set DB_NAME=luosheji
Set OSS_REGION=oss-cn-hangzhou
Set OSS_ACCESS_KEY_ID=LTAI5tL7SF869SToctFEPn47
Set OSS_ACCESS_KEY_SECRET=********
Set OSS_BUCKET=zhurui
DB_HOST from process.env: rm-7xvhp98iw2a333t864o.mysql.rds.aliyuncs.com
Server starting at 2026-07-05T07:27:53.131Z
Calling initDb (async) at 2026-07-05T07:27:53.160Z - Attempt 1
[AI-Config] GEMINI_API_KEY: PRESENT
[SERVER] Handlers registered at 2026-07-05T07:27:53.170Z
Container Outbound IP: 34.34.225.131
Successfully connected to MySQL database: luosheji
initDb completed at 2026-07-05T07:28:14.655Z
Loading env from: /app/applet/.env
Set DB_HOST=rm-7xvhp98iw2a333t864o.mysql.rds.aliyuncs.com
Set DB_PORT=3306
Set DB_USER=zhurui
Set DB_PASSWORD=********
Set DB_NAME=luosheji
Set OSS_REGION=oss-cn-hangzhou
Set OSS_ACCESS_KEY_ID=LTAI5tL7SF869SToctFEPn47
Set OSS_ACCESS_KEY_SECRET=********
Set OSS_BUCKET=zhurui
DB_HOST from process.env: rm-7xvhp98iw2a333t864o.mysql.rds.aliyuncs.com
Server starting at 2026-07-05T07:34:48.145Z
Calling initDb (async) at 2026-07-05T07:34:48.172Z - Attempt 1
[AI-Config] GEMINI_API_KEY: PRESENT
[SERVER] Handlers registered at 2026-07-05T07:34:48.187Z
Container Outbound IP: 34.34.225.131
Successfully connected to MySQL database: luosheji
initDb completed at 2026-07-05T07:35:12.173Z
Loading env from: /app/applet/.env
Set DB_HOST=rm-7xvhp98iw2a333t864o.mysql.rds.aliyuncs.com
Set DB_PORT=3306
Set DB_USER=zhurui
Set DB_PASSWORD=********
Set DB_NAME=luosheji
Set OSS_REGION=oss-cn-hangzhou
Set OSS_ACCESS_KEY_ID=LTAI5tL7SF869SToctFEPn47
Set OSS_ACCESS_KEY_SECRET=********
Set OSS_BUCKET=zhurui
DB_HOST from process.env: rm-7xvhp98iw2a333t864o.mysql.rds.aliyuncs.com
Server starting at 2026-07-05T08:06:04.703Z
Calling initDb (async) at 2026-07-05T08:06:04.732Z - Attempt 1
[AI-Config] GEMINI_API_KEY: PRESENT
[SERVER] Handlers registered at 2026-07-05T08:06:04.742Z
Container Outbound IP: 34.34.225.131
Successfully connected to MySQL database: luosheji
initDb completed at 2026-07-05T08:06:30.968Z
Loading env from: /app/applet/.env
Set DB_HOST=rm-7xvhp98iw2a333t864o.mysql.rds.aliyuncs.com
Set DB_PORT=3306
Set DB_USER=zhurui
Set DB_PASSWORD=********
Set DB_NAME=luosheji
Set OSS_REGION=oss-cn-hangzhou
Set OSS_ACCESS_KEY_ID=LTAI5tL7SF869SToctFEPn47
Set OSS_ACCESS_KEY_SECRET=********
Set OSS_BUCKET=zhurui
DB_HOST from process.env: rm-7xvhp98iw2a333t864o.mysql.rds.aliyuncs.com
Server starting at 2026-07-05T08:16:05.598Z
Calling initDb (async) at 2026-07-05T08:16:05.627Z - Attempt 1
[AI-Config] GEMINI_API_KEY: PRESENT
[SERVER] Handlers registered at 2026-07-05T08:16:05.637Z
Container Outbound IP: 34.34.225.131
Successfully connected to MySQL database: luosheji
initDb completed at 2026-07-05T08:16:27.988Z
Loading env from: /app/applet/.env
Set DB_HOST=rm-7xvhp98iw2a333t864o.mysql.rds.aliyuncs.com
Set DB_PORT=3306
Set DB_USER=zhurui
Set DB_PASSWORD=********
Set DB_NAME=luosheji
Set OSS_REGION=oss-cn-hangzhou
Set OSS_ACCESS_KEY_ID=LTAI5tL7SF869SToctFEPn47
Set OSS_ACCESS_KEY_SECRET=********
Set OSS_BUCKET=zhurui
DB_HOST from process.env: rm-7xvhp98iw2a333t864o.mysql.rds.aliyuncs.com
Server starting at 2026-07-05T08:21:42.440Z
Calling initDb (async) at 2026-07-05T08:21:42.497Z - Attempt 1
[AI-Config] GEMINI_API_KEY: PRESENT
[SERVER] Handlers registered at 2026-07-05T08:21:42.509Z
Container Outbound IP: 34.34.225.131
Successfully connected to MySQL database: luosheji
initDb completed at 2026-07-05T08:22:01.708Z
Loading env from: /app/applet/.env
Set DB_HOST=rm-7xvhp98iw2a333t864o.mysql.rds.aliyuncs.com
Set DB_PORT=3306
Set DB_USER=zhurui
Set DB_PASSWORD=********
Set DB_NAME=luosheji
Set OSS_REGION=oss-cn-hangzhou
Set OSS_ACCESS_KEY_ID=LTAI5tL7SF869SToctFEPn47
Set OSS_ACCESS_KEY_SECRET=********
Set OSS_BUCKET=zhurui
DB_HOST from process.env: rm-7xvhp98iw2a333t864o.mysql.rds.aliyuncs.com
Server starting at 2026-07-05T08:44:48.935Z
Calling initDb (async) at 2026-07-05T08:44:48.961Z - Attempt 1
[AI-Config] GEMINI_API_KEY: PRESENT
[SERVER] Handlers registered at 2026-07-05T08:44:48.972Z
Container Outbound IP: 34.34.225.131
Successfully connected to MySQL database: luosheji
Loading env from: /app/applet/.env
Set DB_HOST=rm-7xvhp98iw2a333t864o.mysql.rds.aliyuncs.com
Set DB_PORT=3306
Set DB_USER=zhurui
Set DB_PASSWORD=********
Set DB_NAME=luosheji
Set OSS_REGION=oss-cn-hangzhou
Set OSS_ACCESS_KEY_ID=LTAI5tL7SF869SToctFEPn47
Set OSS_ACCESS_KEY_SECRET=********
Set OSS_BUCKET=zhurui
DB_HOST from process.env: rm-7xvhp98iw2a333t864o.mysql.rds.aliyuncs.com
Server starting at 2026-07-05T08:45:05.409Z
Calling initDb (async) at 2026-07-05T08:45:05.436Z - Attempt 1
[AI-Config] GEMINI_API_KEY: PRESENT
[SERVER] Handlers registered at 2026-07-05T08:45:05.446Z
Container Outbound IP: 34.34.225.131
Successfully connected to MySQL database: luosheji
initDb completed at 2026-07-05T08:45:28.394Z
Loading env from: /app/applet/.env
Set DB_HOST=rm-7xvhp98iw2a333t864o.mysql.rds.aliyuncs.com
Set DB_PORT=3306
Set DB_USER=zhurui
Set DB_PASSWORD=********
Set DB_NAME=luosheji
Set OSS_REGION=oss-cn-hangzhou
Set OSS_ACCESS_KEY_ID=LTAI5tL7SF869SToctFEPn47
Set OSS_ACCESS_KEY_SECRET=********
Set OSS_BUCKET=zhurui
DB_HOST from process.env: rm-7xvhp98iw2a333t864o.mysql.rds.aliyuncs.com
Server starting at 2026-07-05T09:41:16.942Z
Calling initDb (async) at 2026-07-05T09:41:16.970Z - Attempt 1
[AI-Config] GEMINI_API_KEY: PRESENT
[SERVER] Handlers registered at 2026-07-05T09:41:16.982Z
Container Outbound IP: 34.34.225.131
Successfully connected to MySQL database: luosheji
initDb completed at 2026-07-05T09:41:34.322Z
Loading env from: /app/applet/.env
Set DB_HOST=rm-7xvhp98iw2a333t864o.mysql.rds.aliyuncs.com
Set DB_PORT=3306
Set DB_USER=zhurui
Set DB_PASSWORD=********
Set DB_NAME=luosheji
Set OSS_REGION=oss-cn-hangzhou
Set OSS_ACCESS_KEY_ID=LTAI5tL7SF869SToctFEPn47
Set OSS_ACCESS_KEY_SECRET=********
Set OSS_BUCKET=zhurui
DB_HOST from process.env: rm-7xvhp98iw2a333t864o.mysql.rds.aliyuncs.com
Server starting at 2026-07-05T09:41:53.681Z
Calling initDb (async) at 2026-07-05T09:41:53.711Z - Attempt 1
[AI-Config] GEMINI_API_KEY: PRESENT
[SERVER] Handlers registered at 2026-07-05T09:41:53.721Z
Container Outbound IP: 34.34.225.131
Successfully connected to MySQL database: luosheji
initDb completed at 2026-07-05T09:42:16.793Z
Loading env from: /app/applet/.env
Set DB_HOST=rm-7xvhp98iw2a333t864o.mysql.rds.aliyuncs.com
Set DB_PORT=3306
Set DB_USER=zhurui
Set DB_PASSWORD=********
Set DB_NAME=luosheji
Set OSS_REGION=oss-cn-hangzhou
Set OSS_ACCESS_KEY_ID=LTAI5tL7SF869SToctFEPn47
Set OSS_ACCESS_KEY_SECRET=********
Set OSS_BUCKET=zhurui
DB_HOST from process.env: rm-7xvhp98iw2a333t864o.mysql.rds.aliyuncs.com
Server starting at 2026-07-05T10:00:31.411Z
Calling initDb (async) at 2026-07-05T10:00:31.440Z - Attempt 1
[AI-Config] GEMINI_API_KEY: PRESENT
[SERVER] Handlers registered at 2026-07-05T10:00:31.450Z
Container Outbound IP: 34.34.225.131
Successfully connected to MySQL database: luosheji
initDb completed at 2026-07-05T10:00:48.249Z
Loading env from: /app/applet/.env
Set DB_HOST=rm-7xvhp98iw2a333t864o.mysql.rds.aliyuncs.com
Set DB_PORT=3306
Set DB_USER=zhurui
Set DB_PASSWORD=********
Set DB_NAME=luosheji
Set OSS_REGION=oss-cn-hangzhou
Set OSS_ACCESS_KEY_ID=LTAI5tL7SF869SToctFEPn47
Set OSS_ACCESS_KEY_SECRET=********
Set OSS_BUCKET=zhurui
DB_HOST from process.env: rm-7xvhp98iw2a333t864o.mysql.rds.aliyuncs.com
Server starting at 2026-07-05T10:00:53.517Z
Calling initDb (async) at 2026-07-05T10:00:53.546Z - Attempt 1
[AI-Config] GEMINI_API_KEY: PRESENT
[SERVER] Handlers registered at 2026-07-05T10:00:53.559Z
Container Outbound IP: 34.34.225.131
Successfully connected to MySQL database: luosheji
initDb completed at 2026-07-05T10:01:16.072Z
Loading env from: /app/applet/.env
Set DB_HOST=rm-7xvhp98iw2a333t864o.mysql.rds.aliyuncs.com
Set DB_PORT=3306
Set DB_USER=zhurui
Set DB_PASSWORD=********
Set DB_NAME=luosheji
Set OSS_REGION=oss-cn-hangzhou
Set OSS_ACCESS_KEY_ID=LTAI5tL7SF869SToctFEPn47
Set OSS_ACCESS_KEY_SECRET=********
Set OSS_BUCKET=zhurui
DB_HOST from process.env: rm-7xvhp98iw2a333t864o.mysql.rds.aliyuncs.com
Server starting at 2026-07-05T10:22:13.865Z
Calling initDb (async) at 2026-07-05T10:22:13.894Z - Attempt 1
[AI-Config] GEMINI_API_KEY: PRESENT
[SERVER] Handlers registered at 2026-07-05T10:22:13.906Z
Container Outbound IP: 34.34.225.131
Successfully connected to MySQL database: luosheji
initDb completed at 2026-07-05T10:22:30.728Z
Loading env from: /app/applet/.env
Set DB_HOST=rm-7xvhp98iw2a333t864o.mysql.rds.aliyuncs.com
Set DB_PORT=3306
Set DB_USER=zhurui
Set DB_PASSWORD=********
Set DB_NAME=luosheji
Set OSS_REGION=oss-cn-hangzhou
Set OSS_ACCESS_KEY_ID=LTAI5tL7SF869SToctFEPn47
Set OSS_ACCESS_KEY_SECRET=********
Set OSS_BUCKET=zhurui
DB_HOST from process.env: rm-7xvhp98iw2a333t864o.mysql.rds.aliyuncs.com
Server starting at 2026-07-05T10:27:52.782Z
Calling initDb (async) at 2026-07-05T10:27:52.810Z - Attempt 1
[AI-Config] GEMINI_API_KEY: PRESENT
[SERVER] Handlers registered at 2026-07-05T10:27:52.820Z
Container Outbound IP: 34.34.225.131
Successfully connected to MySQL database: luosheji
Loading env from: /app/applet/.env
Set DB_HOST=rm-7xvhp98iw2a333t864o.mysql.rds.aliyuncs.com
Set DB_PORT=3306
Set DB_USER=zhurui
Set DB_PASSWORD=********
Set DB_NAME=luosheji
Set OSS_REGION=oss-cn-hangzhou
Set OSS_ACCESS_KEY_ID=LTAI5tL7SF869SToctFEPn47
Set OSS_ACCESS_KEY_SECRET=********
Set OSS_BUCKET=zhurui
DB_HOST from process.env: rm-7xvhp98iw2a333t864o.mysql.rds.aliyuncs.com
Server starting at 2026-07-05T10:28:13.729Z
Calling initDb (async) at 2026-07-05T10:28:13.761Z - Attempt 1
[AI-Config] GEMINI_API_KEY: PRESENT
[SERVER] Handlers registered at 2026-07-05T10:28:13.774Z
Container Outbound IP: 34.34.225.131
Successfully connected to MySQL database: luosheji
initDb completed at 2026-07-05T10:28:41.041Z
Loading env from: /app/applet/.env
Set DB_HOST=rm-7xvhp98iw2a333t864o.mysql.rds.aliyuncs.com
Set DB_PORT=3306
Set DB_USER=zhurui
Set DB_PASSWORD=********
Set DB_NAME=luosheji
Set OSS_REGION=oss-cn-hangzhou
Set OSS_ACCESS_KEY_ID=LTAI5tL7SF869SToctFEPn47
Set OSS_ACCESS_KEY_SECRET=********
Set OSS_BUCKET=zhurui
DB_HOST from process.env: rm-7xvhp98iw2a333t864o.mysql.rds.aliyuncs.com
Server starting at 2026-07-05T10:55:46.632Z
Calling initDb (async) at 2026-07-05T10:55:46.658Z - Attempt 1
[AI-Config] GEMINI_API_KEY: PRESENT
[SERVER] Handlers registered at 2026-07-05T10:55:46.666Z
Container Outbound IP: 34.34.225.131
Successfully connected to MySQL database: luosheji
Loading env from: /app/applet/.env
Set DB_HOST=rm-7xvhp98iw2a333t864o.mysql.rds.aliyuncs.com
Set DB_PORT=3306
Set DB_USER=zhurui
Set DB_PASSWORD=********
Set DB_NAME=luosheji
Set OSS_REGION=oss-cn-hangzhou
Set OSS_ACCESS_KEY_ID=LTAI5tL7SF869SToctFEPn47
Set OSS_ACCESS_KEY_SECRET=********
Set OSS_BUCKET=zhurui
DB_HOST from process.env: rm-7xvhp98iw2a333t864o.mysql.rds.aliyuncs.com
Server starting at 2026-07-05T10:56:01.135Z
Calling initDb (async) at 2026-07-05T10:56:01.162Z - Attempt 1
[AI-Config] GEMINI_API_KEY: PRESENT
[SERVER] Handlers registered at 2026-07-05T10:56:01.171Z
Container Outbound IP: 34.34.225.131
Successfully connected to MySQL database: luosheji
initDb completed at 2026-07-05T10:56:22.952Z
Loading env from: /app/applet/.env
Set DB_HOST=rm-7xvhp98iw2a333t864o.mysql.rds.aliyuncs.com
Set DB_PORT=3306
Set DB_USER=zhurui
Set DB_PASSWORD=********
Set DB_NAME=luosheji
Set OSS_REGION=oss-cn-hangzhou
Set OSS_ACCESS_KEY_ID=LTAI5tL7SF869SToctFEPn47
Set OSS_ACCESS_KEY_SECRET=********
Set OSS_BUCKET=zhurui
DB_HOST from process.env: rm-7xvhp98iw2a333t864o.mysql.rds.aliyuncs.com
Server starting at 2026-07-05T11:13:27.546Z
Calling initDb (async) at 2026-07-05T11:13:27.572Z - Attempt 1
[AI-Config] GEMINI_API_KEY: PRESENT
[SERVER] Handlers registered at 2026-07-05T11:13:27.580Z
Container Outbound IP: 34.34.225.131
Successfully connected to MySQL database: luosheji
Loading env from: /app/applet/.env
Set DB_HOST=rm-7xvhp98iw2a333t864o.mysql.rds.aliyuncs.com
Set DB_PORT=3306
Set DB_USER=zhurui
Set DB_PASSWORD=********
Set DB_NAME=luosheji
Set OSS_REGION=oss-cn-hangzhou
Set OSS_ACCESS_KEY_ID=LTAI5tL7SF869SToctFEPn47
Set OSS_ACCESS_KEY_SECRET=********
Set OSS_BUCKET=zhurui
DB_HOST from process.env: rm-7xvhp98iw2a333t864o.mysql.rds.aliyuncs.com
Server starting at 2026-07-05T11:13:38.421Z
Calling initDb (async) at 2026-07-05T11:13:38.449Z - Attempt 1
[AI-Config] GEMINI_API_KEY: PRESENT
[SERVER] Handlers registered at 2026-07-05T11:13:38.457Z
Container Outbound IP: 34.34.225.131
Successfully connected to MySQL database: luosheji
initDb completed at 2026-07-05T11:13:56.244Z
Loading env from: /app/applet/.env
Set DB_HOST=rm-7xvhp98iw2a333t864o.mysql.rds.aliyuncs.com
Set DB_PORT=3306
Set DB_USER=zhurui
Set DB_PASSWORD=********
Set DB_NAME=luosheji
Set OSS_REGION=oss-cn-hangzhou
Set OSS_ACCESS_KEY_ID=LTAI5tL7SF869SToctFEPn47
Set OSS_ACCESS_KEY_SECRET=********
Set OSS_BUCKET=zhurui
DB_HOST from process.env: rm-7xvhp98iw2a333t864o.mysql.rds.aliyuncs.com
Server starting at 2026-07-05T11:22:22.839Z
Calling initDb (async) at 2026-07-05T11:22:22.863Z - Attempt 1
[AI-Config] GEMINI_API_KEY: PRESENT
[SERVER] Handlers registered at 2026-07-05T11:22:22.872Z
Container Outbound IP: 34.34.225.131
Successfully connected to MySQL database: luosheji
Loading env from: /app/applet/.env
Set DB_HOST=rm-7xvhp98iw2a333t864o.mysql.rds.aliyuncs.com
Set DB_PORT=3306
Set DB_USER=zhurui
Set DB_PASSWORD=********
Set DB_NAME=luosheji
Set OSS_REGION=oss-cn-hangzhou
Set OSS_ACCESS_KEY_ID=LTAI5tL7SF869SToctFEPn47
Set OSS_ACCESS_KEY_SECRET=********
Set OSS_BUCKET=zhurui
DB_HOST from process.env: rm-7xvhp98iw2a333t864o.mysql.rds.aliyuncs.com
Server starting at 2026-07-05T11:22:29.625Z
Calling initDb (async) at 2026-07-05T11:22:29.650Z - Attempt 1
[AI-Config] GEMINI_API_KEY: PRESENT
[SERVER] Handlers registered at 2026-07-05T11:22:29.658Z
Container Outbound IP: 34.34.225.131
Successfully connected to MySQL database: luosheji
initDb completed at 2026-07-05T11:22:47.526Z
Loading env from: /app/applet/.env
Set DB_HOST=rm-7xvhp98iw2a333t864o.mysql.rds.aliyuncs.com
Set DB_PORT=3306
Set DB_USER=zhurui
Set DB_PASSWORD=********
Set DB_NAME=luosheji
Set OSS_REGION=oss-cn-hangzhou
Set OSS_ACCESS_KEY_ID=LTAI5tL7SF869SToctFEPn47
Set OSS_ACCESS_KEY_SECRET=********
Set OSS_BUCKET=zhurui
DB_HOST from process.env: rm-7xvhp98iw2a333t864o.mysql.rds.aliyuncs.com
Server starting at 2026-07-05T11:31:31.362Z
Calling initDb (async) at 2026-07-05T11:31:31.392Z - Attempt 1
[AI-Config] GEMINI_API_KEY: PRESENT
[SERVER] Handlers registered at 2026-07-05T11:31:31.401Z
Container Outbound IP: 34.34.225.131
Successfully connected to MySQL database: luosheji
initDb completed at 2026-07-05T11:31:49.083Z
Loading env from: /app/applet/.env
Set DB_HOST=rm-7xvhp98iw2a333t864o.mysql.rds.aliyuncs.com
Set DB_PORT=3306
Set DB_USER=zhurui
Set DB_PASSWORD=********
Set DB_NAME=luosheji
Set OSS_REGION=oss-cn-hangzhou
Set OSS_ACCESS_KEY_ID=LTAI5tL7SF869SToctFEPn47
Set OSS_ACCESS_KEY_SECRET=********
Set OSS_BUCKET=zhurui
DB_HOST from process.env: rm-7xvhp98iw2a333t864o.mysql.rds.aliyuncs.com
Server starting at 2026-07-05T11:49:33.587Z
Calling initDb (async) at 2026-07-05T11:49:33.612Z - Attempt 1
[AI-Config] GEMINI_API_KEY: PRESENT
[SERVER] Handlers registered at 2026-07-05T11:49:33.620Z
Container Outbound IP: 34.34.225.131
Successfully connected to MySQL database: luosheji
initDb completed at 2026-07-05T11:49:56.073Z
Loading env from: /app/applet/.env
Set DB_HOST=rm-7xvhp98iw2a333t864o.mysql.rds.aliyuncs.com
Set DB_PORT=3306
Set DB_USER=zhurui
Set DB_PASSWORD=********
Set DB_NAME=luosheji
Set OSS_REGION=oss-cn-hangzhou
Set OSS_ACCESS_KEY_ID=LTAI5tL7SF869SToctFEPn47
Set OSS_ACCESS_KEY_SECRET=********
Set OSS_BUCKET=zhurui
DB_HOST from process.env: rm-7xvhp98iw2a333t864o.mysql.rds.aliyuncs.com
Server starting at 2026-07-05T12:20:17.090Z
Calling initDb (async) at 2026-07-05T12:20:17.118Z - Attempt 1
[AI-Config] GEMINI_API_KEY: PRESENT
[SERVER] Handlers registered at 2026-07-05T12:20:17.126Z
Container Outbound IP: 34.34.225.131
Successfully connected to MySQL database: luosheji
initDb completed at 2026-07-05T12:20:40.549Z
Loading env from: /app/applet/.env
Set DB_HOST=rm-7xvhp98iw2a333t864o.mysql.rds.aliyuncs.com
Set DB_PORT=3306
Set DB_USER=zhurui
Set DB_PASSWORD=********
Set DB_NAME=luosheji
Set OSS_REGION=oss-cn-hangzhou
Set OSS_ACCESS_KEY_ID=LTAI5tL7SF869SToctFEPn47
Set OSS_ACCESS_KEY_SECRET=********
Set OSS_BUCKET=zhurui
DB_HOST from process.env: rm-7xvhp98iw2a333t864o.mysql.rds.aliyuncs.com
Server starting at 2026-07-05T12:59:22.429Z
Calling initDb (async) at 2026-07-05T12:59:22.455Z - Attempt 1
[AI-Config] GEMINI_API_KEY: PRESENT
[SERVER] Handlers registered at 2026-07-05T12:59:22.464Z
Container Outbound IP: 34.34.225.131
Successfully connected to MySQL database: luosheji
initDb completed at 2026-07-05T12:59:45.622Z
Loading env from: /app/applet/.env
Set DB_HOST=rm-7xvhp98iw2a333t864o.mysql.rds.aliyuncs.com
Set DB_PORT=3306
Set DB_USER=zhurui
Set DB_PASSWORD=********
Set DB_NAME=luosheji
Set OSS_REGION=oss-cn-hangzhou
Set OSS_ACCESS_KEY_ID=LTAI5tL7SF869SToctFEPn47
Set OSS_ACCESS_KEY_SECRET=********
Set OSS_BUCKET=zhurui
DB_HOST from process.env: rm-7xvhp98iw2a333t864o.mysql.rds.aliyuncs.com
Server starting at 2026-07-05T13:04:32.521Z
Calling initDb (async) at 2026-07-05T13:04:32.547Z - Attempt 1
[AI-Config] GEMINI_API_KEY: PRESENT
[SERVER] Handlers registered at 2026-07-05T13:04:32.556Z
Container Outbound IP: 34.34.225.131
Successfully connected to MySQL database: luosheji
initDb completed at 2026-07-05T13:04:51.728Z
Loading env from: /app/applet/.env
Set DB_HOST=rm-7xvhp98iw2a333t864o.mysql.rds.aliyuncs.com
Set DB_PORT=3306
Set DB_USER=zhurui
Set DB_PASSWORD=********
Set DB_NAME=luosheji
Set OSS_REGION=oss-cn-hangzhou
Set OSS_ACCESS_KEY_ID=LTAI5tL7SF869SToctFEPn47
Set OSS_ACCESS_KEY_SECRET=********
Set OSS_BUCKET=zhurui
DB_HOST from process.env: rm-7xvhp98iw2a333t864o.mysql.rds.aliyuncs.com
Server starting at 2026-07-05T13:10:44.946Z
Calling initDb (async) at 2026-07-05T13:10:44.972Z - Attempt 1
[AI-Config] GEMINI_API_KEY: PRESENT
[SERVER] Handlers registered at 2026-07-05T13:10:44.981Z
Container Outbound IP: 34.34.225.131
Successfully connected to MySQL database: luosheji
initDb completed at 2026-07-05T13:11:04.546Z
Loading env from: /app/applet/.env
Set DB_HOST=rm-7xvhp98iw2a333t864o.mysql.rds.aliyuncs.com
Set DB_PORT=3306
Set DB_USER=zhurui
Set DB_PASSWORD=********
Set DB_NAME=luosheji
Set OSS_REGION=oss-cn-hangzhou
Set OSS_ACCESS_KEY_ID=LTAI5tL7SF869SToctFEPn47
Set OSS_ACCESS_KEY_SECRET=********
Set OSS_BUCKET=zhurui
DB_HOST from process.env: rm-7xvhp98iw2a333t864o.mysql.rds.aliyuncs.com
Server starting at 2026-07-05T13:20:21.235Z
Calling initDb (async) at 2026-07-05T13:20:21.317Z - Attempt 1
[AI-Config] GEMINI_API_KEY: PRESENT
[SERVER] Handlers registered at 2026-07-05T13:20:21.329Z
Container Outbound IP: 34.34.225.131
Successfully connected to MySQL database: luosheji
initDb completed at 2026-07-05T13:20:43.975Z
Root .env NOT found at: /app/applet/.env
DB_HOST from process.env: rm-7xvhp98iw2a333t864o.mysql.rds.aliyuncs.com
Server starting at 2026-07-05T15:18:55.454Z
Calling initDb (async) at 2026-07-05T15:18:55.533Z - Attempt 1
[AI-Config] GEMINI_API_KEY: PRESENT
[SERVER] Handlers registered at 2026-07-05T15:18:55.557Z
Container Outbound IP: 34.96.49.42
Successfully connected to MySQL database: luosheji
initDb completed at 2026-07-05T15:19:24.556Z
Root .env NOT found at: /app/applet/.env
DB_HOST from process.env: rm-7xvhp98iw2a333t864o.mysql.rds.aliyuncs.com
Server starting at 2026-07-05T15:23:06.297Z
Calling initDb (async) at 2026-07-05T15:23:06.326Z - Attempt 1
[AI-Config] GEMINI_API_KEY: PRESENT
[SERVER] Handlers registered at 2026-07-05T15:23:06.335Z
Container Outbound IP: 34.96.49.42
Successfully connected to MySQL database: luosheji
initDb completed at 2026-07-05T15:23:34.143Z
Root .env NOT found at: /app/applet/.env
DB_HOST from process.env: rm-7xvhp98iw2a333t864o.mysql.rds.aliyuncs.com
Server starting at 2026-07-05T15:24:01.089Z
Calling initDb (async) at 2026-07-05T15:24:01.116Z - Attempt 1
[AI-Config] GEMINI_API_KEY: PRESENT
[SERVER] Handlers registered at 2026-07-05T15:24:01.126Z
Container Outbound IP: 34.96.49.42
Successfully connected to MySQL database: luosheji
Root .env NOT found at: /app/applet/.env
DB_HOST from process.env: rm-7xvhp98iw2a333t864o.mysql.rds.aliyuncs.com
Server starting at 2026-07-05T15:24:11.914Z
Calling initDb (async) at 2026-07-05T15:24:11.940Z - Attempt 1
[AI-Config] GEMINI_API_KEY: PRESENT
[SERVER] Handlers registered at 2026-07-05T15:24:11.950Z
Container Outbound IP: 34.96.49.42
Successfully connected to MySQL database: luosheji
initDb completed at 2026-07-05T15:24:39.450Z
Root .env NOT found at: /app/applet/.env
DB_HOST from process.env: rm-7xvhp98iw2a333t864o.mysql.rds.aliyuncs.com
Server starting at 2026-07-05T15:32:09.459Z
Calling initDb (async) at 2026-07-05T15:32:09.481Z - Attempt 1
[AI-Config] GEMINI_API_KEY: PRESENT
[SERVER] Handlers registered at 2026-07-05T15:32:09.492Z
Container Outbound IP: 34.96.49.42
Successfully connected to MySQL database: luosheji
Root .env NOT found at: /app/applet/.env
DB_HOST from process.env: rm-7xvhp98iw2a333t864o.mysql.rds.aliyuncs.com
Server starting at 2026-07-05T15:32:22.307Z
Calling initDb (async) at 2026-07-05T15:32:22.328Z - Attempt 1
[AI-Config] GEMINI_API_KEY: PRESENT
[SERVER] Handlers registered at 2026-07-05T15:32:22.340Z
Container Outbound IP: 34.96.49.42
Successfully connected to MySQL database: luosheji
initDb completed at 2026-07-05T15:32:53.392Z
Root .env NOT found at: /app/applet/.env
DB_HOST from process.env: rm-7xvhp98iw2a333t864o.mysql.rds.aliyuncs.com
Server starting at 2026-07-05T15:41:41.133Z
Calling initDb (async) at 2026-07-05T15:41:41.161Z - Attempt 1
[AI-Config] GEMINI_API_KEY: PRESENT
[SERVER] Handlers registered at 2026-07-05T15:41:41.169Z
Container Outbound IP: 34.96.49.42
Successfully connected to MySQL database: luosheji
initDb completed at 2026-07-05T15:42:04.049Z
Root .env NOT found at: /app/applet/.env
DB_HOST from process.env: rm-7xvhp98iw2a333t864o.mysql.rds.aliyuncs.com
Server starting at 2026-07-05T15:42:19.285Z
Calling initDb (async) at 2026-07-05T15:42:19.306Z - Attempt 1
[AI-Config] GEMINI_API_KEY: PRESENT
[SERVER] Handlers registered at 2026-07-05T15:42:19.313Z
Container Outbound IP: 34.96.49.42
Successfully connected to MySQL database: luosheji
initDb completed at 2026-07-05T15:42:41.925Z
Root .env NOT found at: /app/applet/.env
DB_HOST from process.env: rm-7xvhp98iw2a333t864o.mysql.rds.aliyuncs.com
Server starting at 2026-07-05T15:47:56.284Z
Calling initDb (async) at 2026-07-05T15:47:56.357Z - Attempt 1
[AI-Config] GEMINI_API_KEY: PRESENT
[SERVER] Handlers registered at 2026-07-05T15:47:56.365Z
Container Outbound IP: 34.96.49.42
Successfully connected to MySQL database: luosheji
initDb completed at 2026-07-05T15:48:16.650Z
Root .env NOT found at: /app/applet/.env
DB_HOST from process.env: rm-7xvhp98iw2a333t864o.mysql.rds.aliyuncs.com
Server starting at 2026-07-05T15:48:19.514Z
Calling initDb (async) at 2026-07-05T15:48:19.539Z - Attempt 1
[AI-Config] GEMINI_API_KEY: PRESENT
[SERVER] Handlers registered at 2026-07-05T15:48:19.546Z
Container Outbound IP: 34.96.49.42
Successfully connected to MySQL database: luosheji
initDb completed at 2026-07-05T15:48:43.560Z
Root .env NOT found at: /app/applet/.env
DB_HOST from process.env: rm-7xvhp98iw2a333t864o.mysql.rds.aliyuncs.com
Server starting at 2026-07-05T16:06:21.737Z
Calling initDb (async) at 2026-07-05T16:06:21.762Z - Attempt 1
[AI-Config] GEMINI_API_KEY: PRESENT
[SERVER] Handlers registered at 2026-07-05T16:06:21.770Z
Container Outbound IP: 34.96.49.42
Successfully connected to MySQL database: luosheji
Root .env NOT found at: /app/applet/.env
DB_HOST from process.env: rm-7xvhp98iw2a333t864o.mysql.rds.aliyuncs.com
Server starting at 2026-07-05T16:06:29.574Z
Calling initDb (async) at 2026-07-05T16:06:29.596Z - Attempt 1
[AI-Config] GEMINI_API_KEY: PRESENT
[SERVER] Handlers registered at 2026-07-05T16:06:29.610Z
Container Outbound IP: 34.96.49.42
Successfully connected to MySQL database: luosheji
initDb completed at 2026-07-05T16:06:55.895Z
Root .env NOT found at: /app/applet/.env
DB_HOST from process.env: rm-7xvhp98iw2a333t864o.mysql.rds.aliyuncs.com
Server starting at 2026-07-05T16:17:59.407Z
Calling initDb (async) at 2026-07-05T16:17:59.429Z - Attempt 1
[AI-Config] GEMINI_API_KEY: PRESENT
[SERVER] Handlers registered at 2026-07-05T16:17:59.436Z
Container Outbound IP: 34.96.49.42
Successfully connected to MySQL database: luosheji
initDb completed at 2026-07-05T16:18:27.739Z
Root .env NOT found at: /app/applet/.env
DB_HOST from process.env: rm-7xvhp98iw2a333t864o.mysql.rds.aliyuncs.com
Server starting at 2026-07-05T16:23:05.856Z
Calling initDb (async) at 2026-07-05T16:23:05.877Z - Attempt 1
[AI-Config] GEMINI_API_KEY: PRESENT
[SERVER] Handlers registered at 2026-07-05T16:23:05.884Z
Container Outbound IP: 34.96.49.42
Successfully connected to MySQL database: luosheji
initDb completed at 2026-07-05T16:23:27.281Z
Root .env NOT found at: /app/applet/.env
DB_HOST from process.env: rm-7xvhp98iw2a333t864o.mysql.rds.aliyuncs.com
Server starting at 2026-07-05T16:24:21.293Z
Calling initDb (async) at 2026-07-05T16:24:21.353Z - Attempt 1
[AI-Config] GEMINI_API_KEY: PRESENT
[SERVER] Handlers registered at 2026-07-05T16:24:21.361Z
Container Outbound IP: 34.96.49.42
Successfully connected to MySQL database: luosheji
initDb completed at 2026-07-08T15:07:53.061Z
Root .env NOT found at: /app/applet/.env
DB_HOST from process.env: rm-7xvhp98iw2a333t864o.mysql.rds.aliyuncs.com
Server starting at 2026-07-08T15:08:01.094Z
Calling initDb (async) at 2026-07-08T15:08:01.115Z - Attempt 1
[AI-Config] GEMINI_API_KEY: PRESENT
[SERVER] Handlers registered at 2026-07-08T15:08:01.123Z
Container Outbound IP: 34.96.49.235
Successfully connected to MySQL database: luosheji
initDb completed at 2026-07-08T15:08:29.949Z
Root .env NOT found at: /app/applet/.env
DB_HOST from process.env: rm-7xvhp98iw2a333t864o.mysql.rds.aliyuncs.com
Server starting at 2026-07-08T15:13:06.085Z
Calling initDb (async) at 2026-07-08T15:13:06.111Z - Attempt 1
[AI-Config] GEMINI_API_KEY: PRESENT
[SERVER] Handlers registered at 2026-07-08T15:13:06.119Z
Container Outbound IP: 34.96.49.235
Successfully connected to MySQL database: luosheji
initDb completed at 2026-07-08T15:13:33.796Z
Root .env NOT found at: /app/applet/.env
DB_HOST from process.env: rm-7xvhp98iw2a333t864o.mysql.rds.aliyuncs.com
Server starting at 2026-07-08T15:23:54.939Z
Calling initDb (async) at 2026-07-08T15:23:54.961Z - Attempt 1
[AI-Config] GEMINI_API_KEY: PRESENT
[SERVER] Handlers registered at 2026-07-08T15:23:54.969Z
Container Outbound IP: 34.96.49.235
Successfully connected to MySQL database: luosheji
initDb completed at 2026-07-08T15:24:21.852Z
Root .env NOT found at: /app/applet/.env
DB_HOST from process.env: rm-7xvhp98iw2a333t864o.mysql.rds.aliyuncs.com
Server starting at 2026-07-08T15:36:07.595Z
Calling initDb (async) at 2026-07-08T15:36:07.619Z - Attempt 1
[AI-Config] GEMINI_API_KEY: PRESENT
[SERVER] Handlers registered at 2026-07-08T15:36:07.627Z
Container Outbound IP: 34.96.49.235
Successfully connected to MySQL database: luosheji
initDb completed at 2026-07-08T15:36:31.369Z
Root .env NOT found at: /app/applet/.env
DB_HOST from process.env: rm-7xvhp98iw2a333t864o.mysql.rds.aliyuncs.com
Server starting at 2026-07-08T15:42:26.442Z
Calling initDb (async) at 2026-07-08T15:42:26.466Z - Attempt 1
[AI-Config] GEMINI_API_KEY: PRESENT
[SERVER] Handlers registered at 2026-07-08T15:42:26.476Z
Container Outbound IP: 34.96.49.235
Successfully connected to MySQL database: luosheji
initDb completed at 2026-07-08T15:42:52.422Z
Root .env NOT found at: /app/applet/.env
DB_HOST from process.env: rm-7xvhp98iw2a333t864o.mysql.rds.aliyuncs.com
Server starting at 2026-07-08T15:54:55.845Z
Calling initDb (async) at 2026-07-08T15:54:55.874Z - Attempt 1
[AI-Config] GEMINI_API_KEY: PRESENT
[SERVER] Handlers registered at 2026-07-08T15:54:55.886Z
Container Outbound IP: 34.96.49.235
Successfully connected to MySQL database: luosheji
initDb completed at 2026-07-08T15:55:21.153Z
Root .env NOT found at: /app/applet/.env
DB_HOST from process.env: rm-7xvhp98iw2a333t864o.mysql.rds.aliyuncs.com
Server starting at 2026-07-08T16:01:50.129Z
Calling initDb (async) at 2026-07-08T16:01:50.155Z - Attempt 1
[AI-Config] GEMINI_API_KEY: PRESENT
[SERVER] Handlers registered at 2026-07-08T16:01:50.164Z
Container Outbound IP: 34.96.49.235
Successfully connected to MySQL database: luosheji
initDb completed at 2026-07-08T16:02:09.617Z
Root .env NOT found at: /app/applet/.env
DB_HOST from process.env: rm-7xvhp98iw2a333t864o.mysql.rds.aliyuncs.com
Successfully connected to MySQL database: luosheji
Root .env NOT found at: /app/applet/.env
DB_HOST from process.env: rm-7xvhp98iw2a333t864o.mysql.rds.aliyuncs.com
Successfully connected to MySQL database: luosheji
Root .env NOT found at: /app/applet/.env
DB_HOST from process.env: rm-7xvhp98iw2a333t864o.mysql.rds.aliyuncs.com
Successfully connected to MySQL database: luosheji
Root .env NOT found at: /app/applet/.env
DB_HOST from process.env: rm-7xvhp98iw2a333t864o.mysql.rds.aliyuncs.com
Successfully connected to MySQL database: luosheji
Root .env NOT found at: /app/applet/.env
DB_HOST from process.env: rm-7xvhp98iw2a333t864o.mysql.rds.aliyuncs.com
Successfully connected to MySQL database: luosheji
Successfully connected to MySQL database: luosheji
Root .env NOT found at: /app/applet/.env
DB_HOST from process.env: rm-7xvhp98iw2a333t864o.mysql.rds.aliyuncs.com
Server starting at 2026-07-09T14:29:35.620Z
Calling initDb (async) at 2026-07-09T14:29:35.643Z - Attempt 1
[AI-Config] GEMINI_API_KEY: PRESENT
[SERVER] Handlers registered at 2026-07-09T14:29:35.652Z
Container Outbound IP: 34.96.49.170
Successfully connected to MySQL database: luosheji
initDb completed at 2026-07-09T14:30:07.208Z
Root .env NOT found at: /app/applet/.env
DB_HOST from process.env: rm-7xvhp98iw2a333t864o.mysql.rds.aliyuncs.com
Server starting at 2026-07-09T14:38:55.242Z
Calling initDb (async) at 2026-07-09T14:38:55.264Z - Attempt 1
[AI-Config] GEMINI_API_KEY: PRESENT
[SERVER] Handlers registered at 2026-07-09T14:38:55.273Z
Container Outbound IP: 34.96.49.170
Successfully connected to MySQL database: luosheji
initDb completed at 2026-07-09T14:39:27.810Z
Root .env NOT found at: /app/applet/.env
DB_HOST from process.env: rm-7xvhp98iw2a333t864o.mysql.rds.aliyuncs.com
Root .env NOT found at: /app/applet/.env
DB_HOST from process.env: rm-7xvhp98iw2a333t864o.mysql.rds.aliyuncs.com
